<?xml version="1.0" encoding="UTF-8"?>
<testsuite name="WallServiceTest" tests="3" skipped="0" failures="0" errors="0" timestamp="2022-04-25T10:30:59" hostname="QWERTYQ" time="0.883">
  <properties/>
  <testcase name="update_postsEquals" classname="WallServiceTest" time="0.881"/>
  <testcase name="add_PostsNotZero" classname="WallServiceTest" time="0.0"/>
  <testcase name="update_postsNotEquals" classname="WallServiceTest" time="0.001"/>
  <system-out><![CDATA[]]></system-out>
  <system-err><![CDATA[]]></system-err>
</testsuite>
